生成启动时间为 2019/12/5 9:53:19。
     1>项目“F:\全部资料拷贝\论文撰写\adaptive_mesh_delaunay_stabilization\BUNDLED程序\c++\video_stabilization\video_stabilization.vcxproj”在节点 2 上(Build 个目标)。
     1>ClCompile:
         C:\Program Files (x86)\Microsoft Visual Studio 12.0\VC\bin\x86_amd64\CL.exe /c /Zi /nologo /W3 /WX- /sdl /O2 /Oi /GL /D NDEBUG /D _CONSOLE /D _UNICODE /D UNICODE /Gm- /EHsc /MD /GS /Gy /fp:precise /Zc:wchar_t /Zc:forScope /Fo"x64\Release\\" /Fd"x64\Release\vc120.pdb" /Gd /TP /errorReport:prompt merge_frame_for_bundled.cpp
         merge_frame_for_bundled.cpp
     1>merge_frame_for_bundled.cpp(160): warning C4267: “初始化”: 从“size_t”转换到“int”，可能丢失数据
     1>merge_frame_for_bundled.cpp(201): warning C4267: “初始化”: 从“size_t”转换到“int”，可能丢失数据
     1>merge_frame_for_bundled.cpp(233): warning C4267: “初始化”: 从“size_t”转换到“int”，可能丢失数据
     1>merge_frame_for_bundled.cpp(243): warning C4267: “初始化”: 从“size_t”转换到“int”，可能丢失数据
     1>merge_frame_for_bundled.cpp(254): warning C4267: “参数”: 从“size_t”转换到“int”，可能丢失数据
     1>merge_frame_for_bundled.cpp(312): warning C4267: “初始化”: 从“size_t”转换到“int”，可能丢失数据
     1>merge_frame_for_bundled.cpp(313): warning C4267: “初始化”: 从“size_t”转换到“int”，可能丢失数据
     1>merge_frame_for_bundled.cpp(409): warning C4267: “初始化”: 从“size_t”转换到“int”，可能丢失数据
     1>merge_frame_for_bundled.cpp(410): warning C4267: “初始化”: 从“size_t”转换到“int”，可能丢失数据
     1>merge_frame_for_bundled.cpp(506): warning C4244: “=”: 从“double”转换到“float”，可能丢失数据
     1>merge_frame_for_bundled.cpp(407): warning C4101: “et”: 未引用的局部变量
     1>merge_frame_for_bundled.cpp(407): warning C4101: “st”: 未引用的局部变量
     1>merge_frame_for_bundled.cpp(607): warning C4267: “初始化”: 从“size_t”转换到“int”，可能丢失数据
     1>merge_frame_for_bundled.cpp(648): warning C4244: “/=”: 从“double”转换到“float”，可能丢失数据
     1>merge_frame_for_bundled.cpp(662): warning C4244: “参数”: 从“double”转换到“int”，可能丢失数据
     1>merge_frame_for_bundled.cpp(666): warning C4267: “初始化”: 从“size_t”转换到“int”，可能丢失数据
     1>merge_frame_for_bundled.cpp(689): warning C4267: “=”: 从“size_t”转换到“int”，可能丢失数据
     1>merge_frame_for_bundled.cpp(697): warning C4244: “初始化”: 从“double”转换到“int”，可能丢失数据
     1>merge_frame_for_bundled.cpp(698): warning C4244: “初始化”: 从“double”转换到“int”，可能丢失数据
     1>merge_frame_for_bundled.cpp(699): warning C4244: “初始化”: 从“double”转换到“int”，可能丢失数据
     1>merge_frame_for_bundled.cpp(700): warning C4244: “初始化”: 从“double”转换到“int”，可能丢失数据
     1>merge_frame_for_bundled.cpp(775): warning C4267: “初始化”: 从“size_t”转换到“int”，可能丢失数据
     1>merge_frame_for_bundled.cpp(782): warning C4244: “初始化”: 从“double”转换到“int”，可能丢失数据
     1>merge_frame_for_bundled.cpp(783): warning C4244: “初始化”: 从“double”转换到“int”，可能丢失数据
     1>merge_frame_for_bundled.cpp(784): warning C4244: “初始化”: 从“double”转换到“int”，可能丢失数据
       Link:
         C:\Program Files (x86)\Microsoft Visual Studio 12.0\VC\bin\x86_amd64\link.exe /ERRORREPORT:PROMPT /OUT:"F:\全部资料拷贝\论文撰写\adaptive_mesh_delaunay_stabilization\BUNDLED程序\c++\x64\Release\video_stabilization.exe" /INCREMENTAL:NO /NOLOGO opencv_calib3d249.lib opencv_contrib249.lib opencv_core249.lib opencv_features2d249.lib opencv_flann249.lib opencv_gpu249.lib opencv_highgui249.lib opencv_imgproc249.lib opencv_legacy249.lib opencv_ml249.lib opencv_objdetect249.lib opencv_ts249.lib opencv_video249.lib opencv_nonfree249.lib opencv_ocl249.lib opencv_photo249.lib opencv_stitching249.lib opencv_superres249.lib opencv_videostab249.lib kernel32.lib user32.lib gdi32.lib winspool.lib comdlg32.lib advapi32.lib shell32.lib ole32.lib oleaut32.lib uuid.lib odbc32.lib odbccp32.lib /MANIFEST /MANIFESTUAC:"level='asInvoker' uiAccess='false'" /manifest:embed /DEBUG /PDB:"F:\全部资料拷贝\论文撰写\adaptive_mesh_delaunay_stabilization\BUNDLED程序\c++\x64\Release\video_stabilization.pdb" /SUBSYSTEM:CONSOLE /OPT:REF /OPT:ICF /LTCG /TLBID:1 /DYNAMICBASE /NXCOMPAT /IMPLIB:"F:\全部资料拷贝\论文撰写\adaptive_mesh_delaunay_stabilization\BUNDLED程序\c++\x64\Release\video_stabilization.lib" /MACHINE:X64 "x64\Release\Homography_from_trj_backup_2016年7月4日写论文版本【调好了参数】.obj"
         x64\Release\merge_frame_for_bundled.obj
         正在生成代码
         已完成代码的生成
         video_stabilization.vcxproj -> F:\全部资料拷贝\论文撰写\adaptive_mesh_delaunay_stabilization\BUNDLED程序\c++\x64\Release\video_stabilization.exe
     1>已完成生成项目“F:\全部资料拷贝\论文撰写\adaptive_mesh_delaunay_stabilization\BUNDLED程序\c++\video_stabilization\video_stabilization.vcxproj”(Build 个目标)的操作。

生成成功。

已用时间 00:00:02.27
